0 info it worked if it ends with ok
1 verbose cli [ 'C:\\Program Files\\nodejs\\\\node.exe',
1 verbose cli   'C:\\Program Files\\nodejs\\node_modules\\npm\\bin\\npm-cli.js',
1 verbose cli   'install',
1 verbose cli   'connect-modrewrite' ]
2 info using npm@1.3.8
3 info using node@v0.10.18
4 verbose node symlink C:\Program Files\nodejs\\node.exe
5 warn package.json mud@0.0.0 No repository field.
6 verbose readDependencies using package.json deps
7 verbose cache add [ 'connect-modrewrite', null ]
8 verbose cache add name=undefined spec="connect-modrewrite" args=["connect-modrewrite",null]
9 verbose parsed url { protocol: null,
9 verbose parsed url   slashes: null,
9 verbose parsed url   auth: null,
9 verbose parsed url   host: null,
9 verbose parsed url   port: null,
9 verbose parsed url   hostname: null,
9 verbose parsed url   hash: null,
9 verbose parsed url   search: null,
9 verbose parsed url   query: null,
9 verbose parsed url   pathname: 'connect-modrewrite',
9 verbose parsed url   path: 'connect-modrewrite',
9 verbose parsed url   href: 'connect-modrewrite' }
10 silly lockFile 6368fc31-connect-modrewrite connect-modrewrite
11 verbose lock connect-modrewrite C:\Users\jokismo\AppData\Roaming\npm-cache\6368fc31-connect-modrewrite.lock
12 silly lockFile 6368fc31-connect-modrewrite connect-modrewrite
13 silly lockFile 6368fc31-connect-modrewrite connect-modrewrite
14 verbose addNamed [ 'connect-modrewrite', '' ]
15 verbose addNamed [ null, '*' ]
16 silly lockFile c87209b2-connect-modrewrite connect-modrewrite@
17 verbose lock connect-modrewrite@ C:\Users\jokismo\AppData\Roaming\npm-cache\c87209b2-connect-modrewrite.lock
18 silly addNameRange { name: 'connect-modrewrite', range: '*', hasData: false }
19 verbose url raw connect-modrewrite
20 verbose url resolving [ 'https://registry.npmjs.org/', './connect-modrewrite' ]
21 verbose url resolved https://registry.npmjs.org/connect-modrewrite
22 info trying registry request attempt 1 at 11:19:17
23 verbose etag "D8D3T6UVIJNXVQ3LF7UCYJF91"
24 http GET https://registry.npmjs.org/connect-modrewrite
25 http 304 https://registry.npmjs.org/connect-modrewrite
26 silly registry.get cb [ 304,
26 silly registry.get   { date: 'Mon, 20 Jan 2014 16:19:17 GMT',
26 silly registry.get     server: 'Apache',
26 silly registry.get     connection: 'Keep-Alive',
26 silly registry.get     'keep-alive': 'timeout=10, max=50',
26 silly registry.get     etag: '"D8D3T6UVIJNXVQ3LF7UCYJF91"',
26 silly registry.get     vary: 'Accept' } ]
27 verbose etag connect-modrewrite from cache
28 silly addNameRange number 2 { name: 'connect-modrewrite', range: '*', hasData: true }
29 silly addNameRange versions [ 'connect-modrewrite',
29 silly addNameRange   [ '0.1.1',
29 silly addNameRange     '0.1.2',
29 silly addNameRange     '0.1.3',
29 silly addNameRange     '0.1.4',
29 silly addNameRange     '0.1.5',
29 silly addNameRange     '0.2.0',
29 silly addNameRange     '0.2.1',
29 silly addNameRange     '0.2.2',
29 silly addNameRange     '0.2.3',
29 silly addNameRange     '0.3.0',
29 silly addNameRange     '0.3.2',
29 silly addNameRange     '0.3.3',
29 silly addNameRange     '0.3.4',
29 silly addNameRange     '0.3.5',
29 silly addNameRange     '0.3.6',
29 silly addNameRange     '0.3.7',
29 silly addNameRange     '0.3.8',
29 silly addNameRange     '0.3.9',
29 silly addNameRange     '0.3.10',
29 silly addNameRange     '0.3.13',
29 silly addNameRange     '0.3.14',
29 silly addNameRange     '0.3.15',
29 silly addNameRange     '0.3.16',
29 silly addNameRange     '0.4.0',
29 silly addNameRange     '0.4.1',
29 silly addNameRange     '0.5.0',
29 silly addNameRange     '0.5.1',
29 silly addNameRange     '0.5.3',
29 silly addNameRange     '0.5.4',
29 silly addNameRange     '0.5.5',
29 silly addNameRange     '0.5.6',
29 silly addNameRange     '0.5.7',
29 silly addNameRange     '0.5.8',
29 silly addNameRange     '0.5.9',
29 silly addNameRange     '0.5.10',
29 silly addNameRange     '0.5.11' ] ]
30 verbose addNamed [ 'connect-modrewrite', '0.5.11' ]
31 verbose addNamed [ '0.5.11', '0.5.11' ]
32 silly lockFile 779132a0-connect-modrewrite-0-5-11 connect-modrewrite@0.5.11
33 verbose lock connect-modrewrite@0.5.11 C:\Users\jokismo\AppData\Roaming\npm-cache\779132a0-connect-modrewrite-0-5-11.lock
34 silly lockFile 779132a0-connect-modrewrite-0-5-11 connect-modrewrite@0.5.11
35 silly lockFile 779132a0-connect-modrewrite-0-5-11 connect-modrewrite@0.5.11
36 silly lockFile c87209b2-connect-modrewrite connect-modrewrite@
37 silly lockFile c87209b2-connect-modrewrite connect-modrewrite@
38 silly resolved [ { name: 'connect-modrewrite',
38 silly resolved     main: './src/modrewrite.js',
38 silly resolved     version: '0.5.11',
38 silly resolved     description: 'connect-modrewrite adds modrewrite functionality to connect/express server',
38 silly resolved     author: { name: 'Tingan Ho', email: 'tingan87@gmail.com' },
38 silly resolved     contributors: [ [Object] ],
38 silly resolved     repository:
38 silly resolved      { type: 'git',
38 silly resolved        url: 'git://github.com:tinganho/connect-modrewrite.git' },
38 silly resolved     bugs: { url: 'https://github.com/tinganho/connect-modrewrite/issues' },
38 silly resolved     licenses: [ [Object] ],
38 silly resolved     devDependencies:
38 silly resolved      { 'grunt-contrib-jshint': '~0.1.0',
38 silly resolved        grunt: '~0.4.0',
38 silly resolved        'grunt-contrib-connect': '~0.1.0',
38 silly resolved        chai: '~1.4.2',
38 silly resolved        mocha: '~1.8.1' },
38 silly resolved     scripts: { test: './bin/test' },
38 silly resolved     keywords:
38 silly resolved      [ 'gruntplugin',
38 silly resolved        'grunt-contrib',
38 silly resolved        'grunt-contrib-connect',
38 silly resolved        'modrewrite' ],
38 silly resolved     dependencies: {},
38 silly resolved     readme: 'connect-modrewrite [![Build Status](https://travis-ci.org/tinganho/connect-modrewrite.png)](https://travis-ci.org/tinganho/connect-modrewrite)\n========================\n`connect-modrewrite` adds modrewrite functionality to connect/express server.\n\n# Getting started\nInstall `connect-modrewrite` with:\n```bash\nnpm install connect-modrewrite --save\n```\n\nRequire it:\n\n```javascript\nvar modRewrite = require(\'connect-modrewrite\');\n```\nAn example configuration:\n\n```javascript\nvar app = connect() // express() for express server\n// app.configure(function() { for express server\n  .use(modRewrite([\n    \'^/test$ /index.html\',\n    \'^/test/\\\\d*$ /index.html [L]\',\n    \'^/test/\\\\d*/\\\\d*$ /flag.html [L]\'\n  ]))\n  .use(connect.static(options.base))\n  .listen(3000)\n// }) for express server\n```\n\n# Configurations\nIn the example above, `modRewrite` take as an `Array` of rewrite rules as an argument.\nEach rewrite rule is a string with the syntax:\n`MATCHING_PATHS REPLACE_WITH [FLAGS]`.\n`MATCHING_PATHS` should be defined using a regex string. And that string is passed as an argument to the javascript `RegExp Object` for matching of paths. `REPLACE_WITH` is the replacement string for matching paths. Flags is optional and is defined using hard brackets.\n\n## Inverted URL matching\nBegin with `!` for inverted URL matching.\n\n## Use defined params\nJust wrap the defined param with `()` and access it with `$n`. This is defined in JS `.replace` in https://developer.mozilla.org/en/docs/JavaScript/Reference/Global_Objects/String/replace\n\n`^/blog/(.*) /$1`\n\n## Flags\n### Last [L]\nIf a path matches, any subsequent rewrite rules will be disregarded.\n\n### Proxy [P]\nProxy your requests\n```javasript\n\'^/test/proxy/(.*)$ http://nodejs.org/$1 [P]\'\n```\n\n### Redirect [R], \\[R=3**\\] (replace * with numbers)\nIssue a redirect for request.\n\n### Nocase [NC]\nRegex match will be case-insensitive.\n\n### Forbidden [F]\nGives a HTTP 403 forbidden response.\n\n### Gone [G]\nGives a HTTP 410 gone response.\n\n### Type \\[T=*\\] (replace * with mime-type)\nSets content-type to the specified one.\n\n\nFor more info about available flags, please go to the Apache page:\nhttp://httpd.apache.org/docs/current/rewrite/flags.html\n\n## Authors\nTingan Ho, tingan87[at]gmail.com\n\n## License\nCopyright (c) 2012 Tingan Ho\nLicensed under the MIT license.\n',
38 silly resolved     readmeFilename: 'README.md',
38 silly resolved     _id: 'connect-modrewrite@0.5.11',
38 silly resolved     _from: 'connect-modrewrite@' } ]
39 info install connect-modrewrite@0.5.11 into C:\MUD
40 info installOne connect-modrewrite@0.5.11
41 info C:\MUD\node_modules\connect-modrewrite unbuild
42 verbose tar unpack C:\Users\jokismo\AppData\Roaming\npm-cache\connect-modrewrite\0.5.11\package.tgz
43 silly lockFile 22bd27d5--node-modules-connect-modrewrite tar://C:\MUD\node_modules\connect-modrewrite
44 verbose lock tar://C:\MUD\node_modules\connect-modrewrite C:\Users\jokismo\AppData\Roaming\npm-cache\22bd27d5--node-modules-connect-modrewrite.lock
45 silly lockFile b1be39d9-ct-modrewrite-0-5-11-package-tgz tar://C:\Users\jokismo\AppData\Roaming\npm-cache\connect-modrewrite\0.5.11\package.tgz
46 verbose lock tar://C:\Users\jokismo\AppData\Roaming\npm-cache\connect-modrewrite\0.5.11\package.tgz C:\Users\jokismo\AppData\Roaming\npm-cache\b1be39d9-ct-modrewrite-0-5-11-package-tgz.lock
47 silly gunzTarPerm modes [ '755', '644' ]
48 silly gunzTarPerm extractEntry package.json
49 silly gunzTarPerm modified mode [ 'package.json', 438, 420 ]
50 silly gunzTarPerm extractEntry .npmignore
51 silly gunzTarPerm modified mode [ '.npmignore', 438, 420 ]
52 silly gunzTarPerm extractEntry README.md
53 silly gunzTarPerm modified mode [ 'README.md', 438, 420 ]
54 silly gunzTarPerm extractEntry Gruntfile.js
55 silly gunzTarPerm modified mode [ 'Gruntfile.js', 438, 420 ]
56 silly gunzTarPerm extractEntry circle.yml
57 silly gunzTarPerm modified mode [ 'circle.yml', 438, 420 ]
58 silly gunzTarPerm extractEntry example/image
59 silly gunzTarPerm modified mode [ 'example/image', 438, 420 ]
60 silly gunzTarPerm extractEntry example/index.html
61 silly gunzTarPerm modified mode [ 'example/index.html', 438, 420 ]
62 silly gunzTarPerm extractEntry example/inverted.scss
63 silly gunzTarPerm modified mode [ 'example/inverted.scss', 438, 420 ]
64 silly gunzTarPerm extractEntry example/nocase.html
65 silly gunzTarPerm modified mode [ 'example/nocase.html', 438, 420 ]
66 silly gunzTarPerm extractEntry example/style.css
67 silly gunzTarPerm modified mode [ 'example/style.css', 438, 420 ]
68 silly gunzTarPerm extractEntry .editorconfig
69 silly gunzTarPerm modified mode [ '.editorconfig', 438, 420 ]
70 silly gunzTarPerm extractEntry LICENSE-MIT
71 silly gunzTarPerm modified mode [ 'LICENSE-MIT', 438, 420 ]
72 silly gunzTarPerm extractEntry .travis.yml
73 silly gunzTarPerm modified mode [ '.travis.yml', 438, 420 ]
74 silly gunzTarPerm extractEntry bin/test
75 silly gunzTarPerm modified mode [ 'bin/test', 438, 420 ]
76 silly gunzTarPerm extractEntry src/modrewrite.js
77 silly gunzTarPerm modified mode [ 'src/modrewrite.js', 438, 420 ]
78 silly gunzTarPerm extractEntry test/test_modrewrite.js
79 silly gunzTarPerm modified mode [ 'test/test_modrewrite.js', 438, 420 ]
80 silly lockFile 22bd27d5--node-modules-connect-modrewrite tar://C:\MUD\node_modules\connect-modrewrite
81 silly lockFile 22bd27d5--node-modules-connect-modrewrite tar://C:\MUD\node_modules\connect-modrewrite
82 silly lockFile b1be39d9-ct-modrewrite-0-5-11-package-tgz tar://C:\Users\jokismo\AppData\Roaming\npm-cache\connect-modrewrite\0.5.11\package.tgz
83 silly lockFile b1be39d9-ct-modrewrite-0-5-11-package-tgz tar://C:\Users\jokismo\AppData\Roaming\npm-cache\connect-modrewrite\0.5.11\package.tgz
84 info preinstall connect-modrewrite@0.5.11
85 verbose readDependencies using package.json deps
86 verbose readDependencies using package.json deps
87 silly resolved []
88 verbose about to build C:\MUD\node_modules\connect-modrewrite
89 info build C:\MUD\node_modules\connect-modrewrite
90 verbose linkStuff [ false, false, false, 'C:\\MUD\\node_modules' ]
91 info linkStuff connect-modrewrite@0.5.11
92 verbose linkBins connect-modrewrite@0.5.11
93 verbose linkMans connect-modrewrite@0.5.11
94 verbose rebuildBundles connect-modrewrite@0.5.11
95 info install connect-modrewrite@0.5.11
96 info postinstall connect-modrewrite@0.5.11
97 error peerinvalid The package karma does not satisfy its siblings' peerDependencies requirements!
97 error peerinvalid Peer karma-ng-html2js-preprocessor@0.1.0 wants karma@>=0.9
97 error peerinvalid Peer karma-ng-scenario@0.1.0 wants karma@>=0.9
97 error peerinvalid Peer grunt-karma@0.6.2 wants karma@~0.10.0
98 error System Windows_NT 6.1.7601
99 error command "C:\\Program Files\\nodejs\\\\node.exe" "C:\\Program Files\\nodejs\\node_modules\\npm\\bin\\npm-cli.js" "install" "connect-modrewrite"
100 error cwd C:\MUD
101 error node -v v0.10.18
102 error npm -v 1.3.8
103 error code EPEERINVALID
104 verbose exit [ 1, true ]
